<?xml version="1.0" encoding="UTF-8"?>
<testsuite xmlns:xsi="http://www.w3.org/2001/XMLSchema-instance" xsi:noNamespaceSchemaLocation="https://maven.apache.org/surefire/maven-surefire-plugin/xsd/surefire-test-report-3.0.xsd" version="3.0" name="TestSuite" time="119.413" tests="3" errors="0" skipped="0" failures="1">
  <properties>
[...]
</properties>
  <testcase name="fitersCategory" classname="tests.PlexsupplyCategoryFiltrationTest" time="41.355">
    <system-err><![CDATA[Starting ChromeDriver 131.0.6778.87 (ce31cae9487357cfd3bd62984ed5250121a71a23-refs/branch-heads/6778@{#2287}) on port 11705
Only local connections are allowed.
Please see https://chromedriver.chromium.org/security-considerations for suggestions on keeping ChromeDriver safe.
ChromeDriver was started successfully on port 11705.
Dec 08, 2024 5:41:24 PM org.openqa.selenium.remote.ProtocolHandshake createSession
INFO: Detected dialect: W3C
Dec 08, 2024 5:41:39 PM org.openqa.selenium.interactions.Actions moveToElement
INFO: When using the W3C Action commands, offsets are from the center of element
Dec 08, 2024 5:41:40 PM org.openqa.selenium.interactions.Actions moveToElement
INFO: When using the W3C Action commands, offsets are from the center of element
]]></system-err>
  </testcase>
  <testcase name="checkShippingCostChangeOnCheckout" classname="tests.PlexsupplyCheckoutShippingCostChangeTest" time="42.93">
    <failure message="did not expect [0.0] but found [0.0]" type="java.lang.AssertionError"><![CDATA[java.lang.AssertionError: did not expect [0.0] but found [0.0]
	at tests.PlexsupplyCheckoutShippingCostChangeTest.checkShippingCostChangeOnCheckout(PlexsupplyCheckoutShippingCostChangeTest.java:41)
]]></failure>
    <system-err><![CDATA[Starting ChromeDriver 131.0.6778.87 (ce31cae9487357cfd3bd62984ed5250121a71a23-refs/branch-heads/6778@{#2287}) on port 32653
Only local connections are allowed.
Please see https://chromedriver.chromium.org/security-considerations for suggestions on keeping ChromeDriver safe.
ChromeDriver was started successfully on port 32653.
Dec 08, 2024 5:42:06 PM org.openqa.selenium.remote.ProtocolHandshake createSession
INFO: Detected dialect: W3C
]]></system-err>
  </testcase>
  <testcase name="plexSupplyGuestRemoveSingleItemOnCheckout" classname="tests.PlexsupplyCheckoutGuestRemoveSingleItemTest" time="32.736">
    <system-err><![CDATA[Starting ChromeDriver 131.0.6778.87 (ce31cae9487357cfd3bd62984ed5250121a71a23-refs/branch-heads/6778@{#2287}) on port 18593
Only local connections are allowed.
Please see https://chromedriver.chromium.org/security-considerations for suggestions on keeping ChromeDriver safe.
ChromeDriver was started successfully on port 18593.
Dec 08, 2024 5:42:50 PM org.openqa.selenium.remote.ProtocolHandshake createSession
INFO: Detected dialect: W3C
]]></system-err>
  </testcase>
</testsuite>