-------------------------------------------------------------------------------
Test set: TestSuite
-------------------------------------------------------------------------------
Tests run: 3, Failures: 1, Errors: 0, Skipped: 0, Time elapsed: 119.413 s <<< FAILURE! - in TestSuite
tests.PlexsupplyCheckoutShippingCostChangeTest.checkShippingCostChangeOnCheckout  Time elapsed: 42.93 s  <<< FAILURE!
java.lang.AssertionError: did not expect [0.0] but found [0.0]
	at tests.PlexsupplyCheckoutShippingCostChangeTest.checkShippingCostChangeOnCheckout(PlexsupplyCheckoutShippingCostChangeTest.java:41)

